<?xml version="1.0" encoding="UTF-8"?>
<!-- Generated by org.testng.reporters.JUnitXMLReporter -->
<testsuite hostname="DESKTOP-30GL0O0" ignored="1" name="LoginPageTest" tests="8" failures="4" timestamp="2022-06-09T14:28:24 IST" time="12.078" errors="0">
  <testcase name="@BeforeClass Acctpgsetup" time="0.097" classname="com.qa.testproj.Tests.AccountsPageTest">
    <failure type="org.openqa.selenium.NoSuchElementException" message="no such element: Unable to locate element: {&amp;quot;method&amp;quot;:&amp;quot;css selector&amp;quot;,&amp;quot;selector&amp;quot;:&amp;quot;#input\-email&amp;quot;}
  (Session info: chrome=102.0.5005.63)
For documentation on this error, please visit: https://www.seleniumhq.org/exceptions/no_such_element.html
Build info: version: &amp;apos;3.141.59&amp;apos;, revision: &amp;apos;e82be7d358&amp;apos;, time: &amp;apos;2018-11-14T08:17:03&amp;apos;
System info: host: &amp;apos;DESKTOP-30GL0O0&amp;apos;, ip: &amp;apos;192.168.0.110&amp;apos;, os.name: &amp;apos;Windows 10&amp;apos;, os.arch: &amp;apos;amd64&amp;apos;, os.version: &amp;apos;10.0&amp;apos;, java.version: &amp;apos;1.8.0_241&amp;apos;
Driver info: org.openqa.selenium.chrome.ChromeDriver
Capabilities {acceptInsecureCerts: false, browserName: chrome, browserVersion: 102.0.5005.63, chrome: {chromedriverVersion: 102.0.5005.61 (0e59bcc00cc4..., userDataDir: C:\Users\nilam\AppData\Loca...}, goog:chromeOptions: {debuggerAddress: localhost:57370}, javascriptEnabled: true, networkConnectionEnabled: false, pageLoadStrategy: normal, platform: WINDOWS, platformName: WINDOWS, proxy: Proxy(), setWindowRect: true, strictFileInteractability: false, timeouts: {implicit: 0, pageLoad: 300000, script: 30000}, unhandledPromptBehavior: dismiss and notify, webauthn:extension:credBlob: true, webauthn:extension:largeBlob: true, webauthn:virtualAuthenticators: true}
Session ID: 0bfe131d8d8c889d47c4664b63c61231
*** Element info: {Using=id, value=input-email}">
      <![CDATA[org.openqa.selenium.NoSuchElementException: no such element: Unable to locate element: {"method":"css selector","selector":"#input\-email"}
  (Session info: chrome=102.0.5005.63)
For documentation on this error, please visit: https://www.seleniumhq.org/exceptions/no_such_element.html
Build info: version: '3.141.59', revision: 'e82be7d358', time: '2018-11-14T08:17:03'
System info: host: 'DESKTOP-30GL0O0', ip: '192.168.0.110', os.name: 'Windows 10', os.arch: 'amd64', os.version: '10.0', java.version: '1.8.0_241'
Driver info: org.openqa.selenium.chrome.ChromeDriver
Capabilities {acceptInsecureCerts: false, browserName: chrome, browserVersion: 102.0.5005.63, chrome: {chromedriverVersion: 102.0.5005.61 (0e59bcc00cc4..., userDataDir: C:\Users\nilam\AppData\Loca...}, goog:chromeOptions: {debuggerAddress: localhost:57370}, javascriptEnabled: true, networkConnectionEnabled: false, pageLoadStrategy: normal, platform: WINDOWS, platformName: WINDOWS, proxy: Proxy(), setWindowRect: true, strictFileInteractability: false, timeouts: {implicit: 0, pageLoad: 300000, script: 30000}, unhandledPromptBehavior: dismiss and notify, webauthn:extension:credBlob: true, webauthn:extension:largeBlob: true, webauthn:virtualAuthenticators: true}
Session ID: 0bfe131d8d8c889d47c4664b63c61231
*** Element info: {Using=id, value=input-email}
at org.openqa.selenium.remote.http.W3CHttpResponseCodec.createException(W3CHttpResponseCodec.java:187)
at org.openqa.selenium.remote.http.W3CHttpResponseCodec.decode(W3CHttpResponseCodec.java:122)
at org.openqa.selenium.remote.http.W3CHttpResponseCodec.decode(W3CHttpResponseCodec.java:49)
at org.openqa.selenium.remote.HttpCommandExecutor.execute(HttpCommandExecutor.java:158)
at org.openqa.selenium.remote.service.DriverCommandExecutor.execute(DriverCommandExecutor.java:83)
at org.openqa.selenium.remote.RemoteWebDriver.execute(RemoteWebDriver.java:552)
at org.openqa.selenium.remote.RemoteWebDriver.findElement(RemoteWebDriver.java:323)
at org.openqa.selenium.remote.RemoteWebDriver.findElementById(RemoteWebDriver.java:372)
at org.openqa.selenium.By$ById.findElement(By.java:188)
at org.openqa.selenium.remote.RemoteWebDriver.findElement(RemoteWebDriver.java:315)
at com.qa.testproj.Utils.ElementUtils.getElement(ElementUtils.java:34)
at com.qa.testproj.Utils.ElementUtils.doSendKeys(ElementUtils.java:46)
at com.qa.testproj.Pages.LoginPage.doLogin(LoginPage.java:43)
at com.qa.testproj.Tests.AccountsPageTest.Acctpgsetup(AccountsPageTest.java:16)
at java.util.concurrent.ThreadPoolExecutor.runWorker(ThreadPoolExecutor.java:1149)
at java.util.concurrent.ThreadPoolExecutor$Worker.run(ThreadPoolExecutor.java:624)
at java.lang.Thread.run(Thread.java:748)
... Removed 14 stack frames]]>
    </failure>
  </testcase> <!-- @BeforeClass Acctpgsetup -->
  <testcase name="@AfterTest teardown" time="-1.654765104333E9" classname="com.qa.testproj.Base.BaseTest">
    <skipped/>
  </testcase> <!-- @AfterTest teardown -->
  <testcase name="verifyAccountHeaderTest" time="0.0" classname="com.qa.testproj.Tests.AccountsPageTest">
    <skipped/>
  </testcase> <!-- verifyAccountHeaderTest -->
  <testcase name="verifyAccountsPgeTitleTest" time="0.0" classname="com.qa.testproj.Tests.AccountsPageTest">
    <skipped/>
  </testcase> <!-- verifyAccountsPgeTitleTest -->
  <testcase name="verifyAccountHeaderTest" time="0.092" classname="com.qa.testproj.Tests.AccountsPageTest">
    <failure type="java.lang.NullPointerException">
      <![CDATA[java.lang.NullPointerException
at com.qa.testproj.Base.BasePage.getScreenshot(BasePage.java:145)
at com.qa.testproj.Listeners.ExtentReportListener.onTestSkipped(ExtentReportListener.java:115)
at java.util.concurrent.ThreadPoolExecutor.runWorker(ThreadPoolExecutor.java:1149)
at java.util.concurrent.ThreadPoolExecutor$Worker.run(ThreadPoolExecutor.java:624)
at java.lang.Thread.run(Thread.java:748)
... Removed 10 stack frames]]>
    </failure>
  </testcase> <!-- verifyAccountHeaderTest -->
  <testcase name="verifyAccountsPgeTitleTest" time="0.095" classname="com.qa.testproj.Tests.AccountsPageTest">
    <failure type="java.lang.NullPointerException">
      <![CDATA[java.lang.NullPointerException
at com.qa.testproj.Base.BasePage.getScreenshot(BasePage.java:145)
at com.qa.testproj.Listeners.ExtentReportListener.onTestSkipped(ExtentReportListener.java:115)
at java.util.concurrent.ThreadPoolExecutor.runWorker(ThreadPoolExecutor.java:1149)
at java.util.concurrent.ThreadPoolExecutor$Worker.run(ThreadPoolExecutor.java:624)
at java.lang.Thread.run(Thread.java:748)
... Removed 10 stack frames]]>
    </failure>
  </testcase> <!-- verifyAccountsPgeTitleTest -->
  <testcase name="verifySearchFuncTest" time="0.0" classname="com.qa.testproj.Tests.AccountsPageTest">
    <skipped/>
  </testcase> <!-- verifySearchFuncTest -->
  <testcase name="verifyAccountsHeadersTest" time="0.0" classname="com.qa.testproj.Tests.AccountsPageTest">
    <skipped/>
  </testcase> <!-- verifyAccountsHeadersTest -->
  <testcase name="verifyAccountsHeadersTest" time="0.025" classname="com.qa.testproj.Tests.AccountsPageTest">
    <failure type="java.lang.NullPointerException">
      <![CDATA[java.lang.NullPointerException
at com.qa.testproj.Base.BasePage.getScreenshot(BasePage.java:145)
at com.qa.testproj.Listeners.ExtentReportListener.onTestSkipped(ExtentReportListener.java:115)
at java.util.concurrent.ThreadPoolExecutor.runWorker(ThreadPoolExecutor.java:1149)
at java.util.concurrent.ThreadPoolExecutor$Worker.run(ThreadPoolExecutor.java:624)
at java.lang.Thread.run(Thread.java:748)
... Removed 10 stack frames]]>
    </failure>
  </testcase> <!-- verifyAccountsHeadersTest -->
  <testcase name="verifySearchFuncTest" time="0.046" classname="com.qa.testproj.Tests.AccountsPageTest">
    <failure type="java.lang.NullPointerException">
      <![CDATA[java.lang.NullPointerException
at com.qa.testproj.Base.BasePage.getScreenshot(BasePage.java:145)
at com.qa.testproj.Listeners.ExtentReportListener.onTestSkipped(ExtentReportListener.java:115)
at java.util.concurrent.ThreadPoolExecutor.runWorker(ThreadPoolExecutor.java:1149)
at java.util.concurrent.ThreadPoolExecutor$Worker.run(ThreadPoolExecutor.java:624)
at java.lang.Thread.run(Thread.java:748)
... Removed 10 stack frames]]>
    </failure>
  </testcase> <!-- verifySearchFuncTest -->
  <testcase name="verifyAccountPgSectionsdisplaysTest" time="0.0" classname="com.qa.testproj.Tests.AccountsPageTest">
    <ignored/>
  </testcase> <!-- verifyAccountPgSectionsdisplaysTest -->
</testsuite> <!-- LoginPageTest -->
